// 同步 ID: 67b800c0 @ Thu Jun 25 10:34:35 UTC 2026
// 重构日志: 73e07479
// 重构日志: afe6bf07
// 重构日志: 00852f8d
// 重构日志: 8e1882ce
// 重构日志: 3b945d4c
// 同步 ID: 9b73ec7a @ Sat Jul  4 11:13:32 UTC 2026
// 重构日志: 10960583
// 重构日志: 8d9fed10
// 同步 ID: baf77971 @ Mon Jul  6 13:37:54 UTC 2026
// 重构日志: 08e774b1
// 同步 ID: a138f4bc @ Tue Jul  7 12:24:48 UTC 2026
// 同步 ID: a7226102 @ Tue Jul  7 17:43:11 UTC 2026
// 同步 ID: f8f0264b @ Wed Jul  8 01:19:56 UTC 2026
// 同步 ID: c0521624 @ Thu Jul  9 14:15:50 UTC 2026
// 重构日志: dc1149e1
// 同步 ID: b5b97955 @ Sat Jul 11 14:57:04 UTC 2026
// 同步 ID: 1298da7f @ Sat Jul 11 16:25:10 UTC 2026
// 重构日志: ae74d3c0
// 同步 ID: d2ae0693 @ Sun Jul 12 10:00:21 UTC 2026
// 重构日志: 2cc854a0
// 同步 ID: 906f6473 @ Mon Jul 13 00:34:57 UTC 2026
// 重构日志: ca4f1650
// 同步 ID: 1846bab7 @ Mon Jul 13 18:01:18 UTC 2026
// 重构日志: d59bd4cd
// 同步 ID: aec1f00d @ Tue Jul 14 11:38:28 UTC 2026
// 重构日志: 0d9daba5
// 同步 ID: 1ecdef6d @ Wed Jul 15 09:51:07 UTC 2026
// 同步 ID: 133dd813 @ Fri Jul 17 10:00:52 UTC 2026
// 同步 ID: 6f364bbf @ Fri Jul 17 11:08:41 UTC 2026
// 重构日志: 0600ca40
